<?xml version="1.0" encoding="UTF-8"?>
<testsuite name="ru.osipov.deploy.web.GenreControllerTest" tests="8" skipped="0" failures="0" errors="0" timestamp="2019-11-16T12:16:45" hostname="oleg" time="0.762">
  <properties/>
  <testcase name="testByRemarks()" classname="ru.osipov.deploy.web.GenreControllerTest" time="0.391"/>
  <testcase name="testAll()" classname="ru.osipov.deploy.web.GenreControllerTest" time="0.011"/>
  <testcase name="testById()" classname="ru.osipov.deploy.web.GenreControllerTest" time="0.038"/>
  <testcase name="testUpdateName()" classname="ru.osipov.deploy.web.GenreControllerTest" time="0.046"/>
  <testcase name="testByName()" classname="ru.osipov.deploy.web.GenreControllerTest" time="0.018"/>
  <testcase name="testCreate()" classname="ru.osipov.deploy.web.GenreControllerTest" time="0.184"/>
  <testcase name="testDelete()" classname="ru.osipov.deploy.web.GenreControllerTest" time="0.016"/>
  <testcase name="testUpdate()" classname="ru.osipov.deploy.web.GenreControllerTest" time="0.044"/>
  <system-out><![CDATA[2019-11-16 15:16:43.764  INFO 10420 --- [    Test worker] .b.t.a.w.s.WebMvcTestContextBootstrapper : Neither @ContextConfiguration nor @ContextHierarchy found for test class [ru.osipov.deploy.web.GenreControllerTest], using SpringBootContextLoader
2019-11-16 15:16:43.764  INFO 10420 --- [    Test worker] o.s.t.c.support.AbstractContextLoader    : Could not detect default resource locations for test class [ru.osipov.deploy.web.GenreControllerTest]: no resource found for suffixes {-context.xml, Context.groovy}.
2019-11-16 15:16:43.764  INFO 10420 --- [    Test worker] t.c.s.AnnotationConfigContextLoaderUtils : Could not detect default configuration classes for test class [ru.osipov.deploy.web.GenreControllerTest]: GenreControllerTest does not declare any static, non-private, non-final, nested classes annotated with @Configuration.
2019-11-16 15:16:43.811  INFO 10420 --- [    Test worker] .b.t.c.SpringBootTestContextBootstrapper : Found @SpringBootConfiguration ru.osipov.deploy.DeployApp for test class ru.osipov.deploy.web.GenreControllerTest
2019-11-16 15:16:43.811  INFO 10420 --- [    Test worker] .b.t.a.w.s.WebMvcTestContextBootstrapper : Loaded default TestExecutionListener class names from location [META-INF/spring.factories]: [org.springframework.boot.test.autoconfigure.restdocs.RestDocsTestExecutionListener, org.springframework.boot.test.autoconfigure.web.client.MockRestServiceServerResetTestExecutionListener, org.springframework.boot.test.autoconfigure.web.servlet.MockMvcPrintOnlyOnFailureTestExecutionListener, org.springframework.boot.test.autoconfigure.web.servlet.WebDriverTestExecutionListener, org.springframework.boot.test.mock.mockito.MockitoTestExecutionListener, org.springframework.boot.test.mock.mockito.ResetMocksTestExecutionListener, org.springframework.test.context.web.ServletTestExecutionListener, org.springframework.test.context.support.DirtiesContextBeforeModesTestExecutionListener, org.springframework.test.context.support.DependencyInjectionTestExecutionListener, org.springframework.test.context.support.DirtiesContextTestExecutionListener, org.springframework.test.context.transaction.TransactionalTestExecutionListener, org.springframework.test.context.jdbc.SqlScriptsTestExecutionListener]
2019-11-16 15:16:43.811  INFO 10420 --- [    Test worker] .b.t.a.w.s.WebMvcTestContextBootstrapper : Using TestExecutionListeners: [org.springframework.test.context.web.ServletTestExecutionListener@4bad4626, org.springframework.test.context.support.DirtiesContextBeforeModesTestExecutionListener@2608af5d, org.springframework.boot.test.mock.mockito.MockitoTestExecutionListener@5db9ce4e, org.springframework.boot.test.autoconfigure.SpringBootDependencyInjectionTestExecutionListener@5b2dd73b, org.springframework.test.context.support.DirtiesContextTestExecutionListener@7a90260e, org.springframework.test.context.transaction.TransactionalTestExecutionListener@19010c46, org.springframework.test.context.jdbc.SqlScriptsTestExecutionListener@a597a96, org.springframework.boot.test.autoconfigure.restdocs.RestDocsTestExecutionListener@3f78f0e9, org.springframework.boot.test.autoconfigure.web.client.MockRestServiceServerResetTestExecutionListener@44a3015e, org.springframework.boot.test.autoconfigure.web.servlet.MockMvcPrintOnlyOnFailureTestExecutionListener@55d156b0, org.springframework.boot.test.autoconfigure.web.servlet.WebDriverTestExecutionListener@141d1b56, org.springframework.boot.test.mock.mockito.ResetMocksTestExecutionListener@6c1a5e84]
2019-11-16 15:16:44.171  INFO 10420 --- [    Test worker] trationDelegate$BeanPostProcessorChecker : Bean 'org.springframework.cloud.autoconfigure.ConfigurationPropertiesRebinderAutoConfiguration' of type [org.springframework.cloud.autoconfigure.ConfigurationPropertiesRebinderAutoConfiguration$$EnhancerBySpringCGLIB$$59d6a584] is not eligible for getting processed by all BeanPostProcessors (for example: not eligible for auto-proxying)

  .   ____          _            __ _ _
 /\\ / ___'_ __ _ _(_)_ __  __ _ \ \ \ \
( ( )\___ | '_ | '_| | '_ \/ _` | \ \ \ \
 \\/  ___)| |_)| | | | | || (_| |  ) ) ) )
  '  |____| .__|_| |_|_| |_\__, | / / / /
 =========|_|==============|___/=/_/_/_/
 :: Spring Boot ::        (v2.1.7.RELEASE)

2019-11-16 15:16:44.507  INFO 10420 --- [    Test worker] r.osipov.deploy.web.GenreControllerTest  : The following profiles are active: local
2019-11-16 15:16:45.169  WARN 10420 --- [    Test worker] org.thymeleaf.templatemode.TemplateMode  : [THYMELEAF][Test worker] Template Mode 'HTML5' is deprecated. Using Template Mode 'HTML' instead.
2019-11-16 15:16:45.428  WARN 10420 --- [    Test worker] ion$DefaultTemplateResolverConfiguration : Cannot find template location: classpath:/GenreApp/templates/ (please add some templates or check your Thymeleaf configuration)
2019-11-16 15:16:45.491  INFO 10420 --- [    Test worker] o.s.b.t.m.w.SpringBootMockServletContext : Initializing Spring TestDispatcherServlet ''
2019-11-16 15:16:45.491  INFO 10420 --- [    Test worker] o.s.t.web.servlet.TestDispatcherServlet  : Initializing Servlet ''
2019-11-16 15:16:45.506  INFO 10420 --- [    Test worker] o.s.t.web.servlet.TestDispatcherServlet  : Completed initialization in 15 ms
2019-11-16 15:16:45.553  INFO 10420 --- [    Test worker] r.osipov.deploy.web.GenreControllerTest  : Started GenreControllerTest in 1.742 seconds (JVM running for 19.814)
2019-11-16 15:16:45.553  INFO 10420 --- [    Test worker] r.osipov.deploy.web.GenreControllerTest  : testByRemarks
2019-11-16 15:16:45.694  INFO 10420 --- [    Test worker] ru.osipov.deploy.web.GenreController     : /v1/genres/remarks
2019-11-16 15:16:45.694  INFO 10420 --- [    Test worker] ru.osipov.deploy.web.GenreController     : Remarks = 'A story with feelings of thrill and fear.'
2019-11-16 15:16:45.694  INFO 10420 --- [    Test worker] ru.osipov.deploy.web.GenreController     : Count: 1
2019-11-16 15:16:45.912  INFO 10420 --- [    Test worker] ru.osipov.deploy.web.GenreController     : /v1/genres/remarks
2019-11-16 15:16:45.912  INFO 10420 --- [    Test worker] ru.osipov.deploy.web.GenreController     : Remarks is null. Fetch by remarks cause p_all = 'false'
2019-11-16 15:16:45.912  INFO 10420 --- [    Test worker] ru.osipov.deploy.web.GenreController     : Count: 1
2019-11-16 15:16:45.912  INFO 10420 --- [    Test worker] ru.osipov.deploy.web.GenreController     : /v1/genres/remarks
2019-11-16 15:16:45.912  INFO 10420 --- [    Test worker] ru.osipov.deploy.web.GenreController     : Remarks is null but fetch all cause p_all = 'true' 
2019-11-16 15:16:45.912  INFO 10420 --- [    Test worker] ru.osipov.deploy.web.GenreController     : Count: 0
2019-11-16 15:16:45.928  INFO 10420 --- [    Test worker] ru.osipov.deploy.web.GenreController     : /v1/genres/remarks
2019-11-16 15:16:45.928  INFO 10420 --- [    Test worker] ru.osipov.deploy.web.GenreController     : Remarks is null but fetch all cause p_all = 'true' 
2019-11-16 15:16:45.928  INFO 10420 --- [    Test worker] ru.osipov.deploy.web.GenreController     : Count: 0
2019-11-16 15:16:45.928  INFO 10420 --- [    Test worker] ru.osipov.deploy.web.GenreController     : /v1/genres/remarks
2019-11-16 15:16:45.928  INFO 10420 --- [    Test worker] ru.osipov.deploy.web.GenreController     : Remarks is null. Fetch by remarks cause p_all = 'false'
2019-11-16 15:16:45.928  INFO 10420 --- [    Test worker] ru.osipov.deploy.web.GenreController     : Count: 1
2019-11-16 15:16:45.928  INFO 10420 --- [    Test worker] ru.osipov.deploy.web.GenreController     : /v1/genres/remarks
2019-11-16 15:16:45.928  INFO 10420 --- [    Test worker] ru.osipov.deploy.web.GenreController     : Remarks is null. Fetch by remarks cause p_all = 'false'
2019-11-16 15:16:45.928  INFO 10420 --- [    Test worker] ru.osipov.deploy.web.GenreController     : Count: 1
2019-11-16 15:16:45.944  INFO 10420 --- [    Test worker] ru.osipov.deploy.web.GenreController     : /v1/genres/remarks
2019-11-16 15:16:45.944  INFO 10420 --- [    Test worker] ru.osipov.deploy.web.GenreController     : Remarks is null. Fetch by remarks cause p_all = 'false'
2019-11-16 15:16:45.944  INFO 10420 --- [    Test worker] ru.osipov.deploy.web.GenreController     : Count: 1
2019-11-16 15:16:45.944  INFO 10420 --- [    Test worker] ru.osipov.deploy.web.GenreController     : /v1/genres/remarks
2019-11-16 15:16:45.944  INFO 10420 --- [    Test worker] ru.osipov.deploy.web.GenreController     : Remarks is null. Fetch by remarks cause p_all = 'false'
2019-11-16 15:16:45.944  INFO 10420 --- [    Test worker] ru.osipov.deploy.web.GenreController     : Count: 1
2019-11-16 15:16:45.959  INFO 10420 --- [    Test worker] r.osipov.deploy.web.GenreControllerTest  : testAll
2019-11-16 15:16:45.959  INFO 10420 --- [    Test worker] ru.osipov.deploy.web.GenreController     : getAllByName
2019-11-16 15:16:45.959  INFO 10420 --- [    Test worker] ru.osipov.deploy.web.GenreController     : /v1/genres
2019-11-16 15:16:45.959  INFO 10420 --- [    Test worker] ru.osipov.deploy.web.GenreController     : Name was not specified. Get all.
2019-11-16 15:16:45.959  INFO 10420 --- [    Test worker] ru.osipov.deploy.web.GenreController     : Count: 3
2019-11-16 15:16:45.959  INFO 10420 --- [    Test worker] r.osipov.deploy.web.GenreControllerTest  : testById
2019-11-16 15:16:45.975  INFO 10420 --- [    Test worker] ru.osipov.deploy.web.GenreController     : getById
2019-11-16 15:16:45.975  INFO 10420 --- [    Test worker] ru.osipov.deploy.web.GenreController     : /v1/genres/'23'
2019-11-16 15:16:45.991  INFO 10420 --- [    Test worker] ru.osipov.deploy.web.GenreController     : getById
2019-11-16 15:16:45.991  INFO 10420 --- [    Test worker] ru.osipov.deploy.web.GenreController     : /v1/genres/'0'
2019-11-16 15:16:45.991  INFO 10420 --- [    Test worker] ru.osipov.deploy.web.GenreController     : not found. 404
2019-11-16 15:16:45.991  INFO 10420 --- [    Test worker] ru.osipov.deploy.web.GenreController     : getAllByName
2019-11-16 15:16:45.991  INFO 10420 --- [    Test worker] ru.osipov.deploy.web.GenreController     : /v1/genres
2019-11-16 15:16:45.991  INFO 10420 --- [    Test worker] ru.osipov.deploy.web.GenreController     : Name was not specified. Get all.
2019-11-16 15:16:45.991  INFO 10420 --- [    Test worker] ru.osipov.deploy.web.GenreController     : Count: 0
2019-11-16 15:16:45.991  INFO 10420 --- [    Test worker] ru.osipov.deploy.web.GenreController     : getAllByName
2019-11-16 15:16:45.991  INFO 10420 --- [    Test worker] ru.osipov.deploy.web.GenreController     : /v1/genres
2019-11-16 15:16:45.991  INFO 10420 --- [    Test worker] ru.osipov.deploy.web.GenreController     : Name was not specified. Get all.
2019-11-16 15:16:45.991  INFO 10420 --- [    Test worker] ru.osipov.deploy.web.GenreController     : Count: 0
2019-11-16 15:16:46.006  INFO 10420 --- [    Test worker] r.osipov.deploy.web.GenreControllerTest  : testUpdateName
2019-11-16 15:16:46.006  INFO 10420 --- [    Test worker] ru.osipov.deploy.web.GenreController     : /v1/genres/update/'Horror'
2019-11-16 15:16:46.022  WARN 10420 --- [    Test worker] .w.s.m.s.DefaultHandlerExceptionResolver : Resolved [org.springframework.web.HttpRequestMethodNotSupportedException: Request method 'POST' not supported]
2019-11-16 15:16:46.022  WARN 10420 --- [    Test worker] .w.s.m.s.DefaultHandlerExceptionResolver : Resolved [org.springframework.web.bind.MissingServletRequestParameterException: Required String parameter 'newName' is not present]
2019-11-16 15:16:46.037  INFO 10420 --- [    Test worker] ru.osipov.deploy.web.GenreController     : Empty name = ''
2019-11-16 15:16:46.037  WARN 10420 --- [    Test worker] .w.s.m.s.DefaultHandlerExceptionResolver : Resolved [org.springframework.web.bind.MissingServletRequestParameterException: Required String parameter 'newName' is not present]
2019-11-16 15:16:46.037  INFO 10420 --- [    Test worker] ru.osipov.deploy.web.GenreController     : /v1/genres/update/'Thriller'
2019-11-16 15:16:46.037  INFO 10420 --- [    Test worker] ru.osipov.deploy.web.GenreController     : /v1/genres/update/'Horror'
2019-11-16 15:16:46.053  INFO 10420 --- [    Test worker] r.osipov.deploy.web.GenreControllerTest  : testByName
2019-11-16 15:16:46.053  INFO 10420 --- [    Test worker] ru.osipov.deploy.web.GenreController     : getAllByName
2019-11-16 15:16:46.053  INFO 10420 --- [    Test worker] ru.osipov.deploy.web.GenreController     : /v1/genres
2019-11-16 15:16:46.053  INFO 10420 --- [    Test worker] ru.osipov.deploy.web.GenreController     : /v1/genres?name='Horror'
2019-11-16 15:16:46.053  INFO 10420 --- [    Test worker] ru.osipov.deploy.web.GenreController     : Name is 'Horror'
2019-11-16 15:16:46.053  INFO 10420 --- [    Test worker] ru.osipov.deploy.web.GenreController     : Count: 1
2019-11-16 15:16:46.069  INFO 10420 --- [    Test worker] ru.osipov.deploy.web.GenreController     : getAllByName
2019-11-16 15:16:46.069  INFO 10420 --- [    Test worker] ru.osipov.deploy.web.GenreController     : /v1/genres
2019-11-16 15:16:46.069  INFO 10420 --- [    Test worker] ru.osipov.deploy.web.GenreController     : Name was not specified. Get all.
2019-11-16 15:16:46.069  INFO 10420 --- [    Test worker] ru.osipov.deploy.web.GenreController     : Count: 0
2019-11-16 15:16:46.069  INFO 10420 --- [    Test worker] ru.osipov.deploy.web.GenreController     : getAllByName
2019-11-16 15:16:46.069  INFO 10420 --- [    Test worker] ru.osipov.deploy.web.GenreController     : /v1/genres
2019-11-16 15:16:46.069  INFO 10420 --- [    Test worker] ru.osipov.deploy.web.GenreController     : Name was not specified. Get all.
2019-11-16 15:16:46.069  INFO 10420 --- [    Test worker] ru.osipov.deploy.web.GenreController     : Count: 0
2019-11-16 15:16:46.240  INFO 10420 --- [    Test worker] ru.osipov.deploy.web.GenreController     : /v1/genres/create
2019-11-16 15:16:46.256  INFO 10420 --- [    Test worker] r.osipov.deploy.web.GenreControllerTest  : testDelete
2019-11-16 15:16:46.256  INFO 10420 --- [    Test worker] ru.osipov.deploy.web.GenreController     : /v1/genres/delete/'11'
2019-11-16 15:16:46.271  INFO 10420 --- [    Test worker] ru.osipov.deploy.web.GenreController     : /v1/genres/delete/'32'
2019-11-16 15:16:46.271  INFO 10420 --- [    Test worker] ru.osipov.deploy.web.GenreController     : Return not found 404
2019-11-16 15:16:46.271  WARN 10420 --- [    Test worker] .w.s.m.s.DefaultHandlerExceptionResolver : Resolved [org.springframework.web.bind.MissingPathVariableException: Missing URI template variable 'genre' for method parameter of type Long]
2019-11-16 15:16:46.271  INFO 10420 --- [    Test worker] r.osipov.deploy.web.GenreControllerTest  : testUpdate
2019-11-16 15:16:46.318  WARN 10420 --- [    Test worker] .w.s.m.s.DefaultHandlerExceptionResolver : Resolved [org.springframework.web.bind.MethodArgumentNotValidException: Validation failed for argument [1] in public org.springframework.http.ResponseEntity ru.osipov.deploy.web.GenreController.updateGenre(java.lang.Long,ru.osipov.deploy.models.CreateGenreR) with 2 errors: [Field error in object 'createGenreR' on field 'gname': rejected value []; codes [NotEmpty.createGenreR.gname,NotEmpty.gname,NotEmpty.java.lang.String,NotEmpty]; arguments [org.springframework.context.support.DefaultMessageSourceResolvable: codes [createGenreR.gname,gname]; arguments []; default message [gname]]; default message [Field have to be not empty.]] [Field error in object 'createGenreR' on field 'gname': rejected value []; codes [NotBlank.createGenreR.gname,NotBlank.gname,NotBlank.java.lang.String,NotBlank]; arguments [org.springframework.context.support.DefaultMessageSourceResolvable: codes [createGenreR.gname,gname]; arguments []; default message [gname]]; default message [Expected name, but only spaces are deteced.]] ]
]]></system-out>
  <system-err><![CDATA[]]></system-err>
</testsuite>
