<?xml version="1.0" encoding="UTF-8"?>
<testsuite name="ru.osipov.deploy.web.GenreControllerTest" tests="1" skipped="0" failures="0" errors="0" timestamp="2019-11-10T21:15:29" hostname="oleg" time="0.435">
  <properties/>
  <testcase name="testAll()" classname="ru.osipov.deploy.web.GenreControllerTest" time="0.435"/>
  <system-out><![CDATA[00:15:22.037 [Test worker] DEBUG org.springframework.test.context.BootstrapUtils - Instantiating CacheAwareContextLoaderDelegate from class [org.springframework.test.context.cache.DefaultCacheAwareContextLoaderDelegate]
00:15:22.099 [Test worker] DEBUG org.springframework.test.context.BootstrapUtils - Instantiating BootstrapContext using constructor [public org.springframework.test.context.support.DefaultBootstrapContext(java.lang.Class,org.springframework.test.context.CacheAwareContextLoaderDelegate)]
00:15:22.172 [Test worker] DEBUG org.springframework.test.context.BootstrapUtils - Instantiating TestContextBootstrapper for test class [ru.osipov.deploy.web.GenreControllerTest] from class [org.springframework.boot.test.autoconfigure.web.servlet.WebMvcTestContextBootstrapper]
00:15:22.200 [Test worker] INFO org.springframework.boot.test.autoconfigure.web.servlet.WebMvcTestContextBootstrapper - Neither @ContextConfiguration nor @ContextHierarchy found for test class [ru.osipov.deploy.web.GenreControllerTest], using SpringBootContextLoader
00:15:22.207 [Test worker] DEBUG org.springframework.test.context.support.AbstractContextLoader - Did not detect default resource location for test class [ru.osipov.deploy.web.GenreControllerTest]: class path resource [ru/osipov/deploy/web/GenreControllerTest-context.xml] does not exist
00:15:22.209 [Test worker] DEBUG org.springframework.test.context.support.AbstractContextLoader - Did not detect default resource location for test class [ru.osipov.deploy.web.GenreControllerTest]: class path resource [ru/osipov/deploy/web/GenreControllerTestContext.groovy] does not exist
00:15:22.209 [Test worker] INFO org.springframework.test.context.support.AbstractContextLoader - Could not detect default resource locations for test class [ru.osipov.deploy.web.GenreControllerTest]: no resource found for suffixes {-context.xml, Context.groovy}.
00:15:22.214 [Test worker] INFO org.springframework.test.context.support.AnnotationConfigContextLoaderUtils - Could not detect default configuration classes for test class [ru.osipov.deploy.web.GenreControllerTest]: GenreControllerTest does not declare any static, non-private, non-final, nested classes annotated with @Configuration.
00:15:22.388 [Test worker] DEBUG org.springframework.test.context.support.ActiveProfilesUtils - Could not find an 'annotation declaring class' for annotation type [org.springframework.test.context.ActiveProfiles] and class [ru.osipov.deploy.web.GenreControllerTest]
00:15:22.630 [Test worker] DEBUG org.springframework.context.annotation.ClassPathScanningCandidateComponentProvider - Identified candidate component class: file [C:\Users\Олег\IdeaProjects\GenreApp\build\classes\java\main\ru\osipov\deploy\DeployApp.class]
00:15:22.656 [Test worker] INFO org.springframework.boot.test.context.SpringBootTestContextBootstrapper - Found @SpringBootConfiguration ru.osipov.deploy.DeployApp for test class ru.osipov.deploy.web.GenreControllerTest
00:15:22.660 [Test worker] DEBUG org.springframework.boot.test.autoconfigure.web.servlet.WebMvcTestContextBootstrapper - @TestExecutionListeners is not present for class [ru.osipov.deploy.web.GenreControllerTest]: using defaults.
00:15:22.661 [Test worker] INFO org.springframework.boot.test.autoconfigure.web.servlet.WebMvcTestContextBootstrapper - Loaded default TestExecutionListener class names from location [META-INF/spring.factories]: [org.springframework.boot.test.autoconfigure.restdocs.RestDocsTestExecutionListener, org.springframework.boot.test.autoconfigure.web.client.MockRestServiceServerResetTestExecutionListener, org.springframework.boot.test.autoconfigure.web.servlet.MockMvcPrintOnlyOnFailureTestExecutionListener, org.springframework.boot.test.autoconfigure.web.servlet.WebDriverTestExecutionListener, org.springframework.boot.test.mock.mockito.MockitoTestExecutionListener, org.springframework.boot.test.mock.mockito.ResetMocksTestExecutionListener, org.springframework.test.context.web.ServletTestExecutionListener, org.springframework.test.context.support.DirtiesContextBeforeModesTestExecutionListener, org.springframework.test.context.support.DependencyInjectionTestExecutionListener, org.springframework.test.context.support.DirtiesContextTestExecutionListener, org.springframework.test.context.transaction.TransactionalTestExecutionListener, org.springframework.test.context.jdbc.SqlScriptsTestExecutionListener]
00:15:22.719 [Test worker] INFO org.springframework.boot.test.autoconfigure.web.servlet.WebMvcTestContextBootstrapper - Using TestExecutionListeners: [org.springframework.test.context.web.ServletTestExecutionListener@37a3c552, org.springframework.test.context.support.DirtiesContextBeforeModesTestExecutionListener@2cc20d2a, org.springframework.boot.test.mock.mockito.MockitoTestExecutionListener@201755d7, org.springframework.boot.test.autoconfigure.SpringBootDependencyInjectionTestExecutionListener@51ebf1a6, org.springframework.test.context.support.DirtiesContextTestExecutionListener@784b379c, org.springframework.test.context.transaction.TransactionalTestExecutionListener@445cdee2, org.springframework.test.context.jdbc.SqlScriptsTestExecutionListener@5e7f8253, org.springframework.boot.test.autoconfigure.restdocs.RestDocsTestExecutionListener@50973efb, org.springframework.boot.test.autoconfigure.web.client.MockRestServiceServerResetTestExecutionListener@71c114a2, org.springframework.boot.test.autoconfigure.web.servlet.MockMvcPrintOnlyOnFailureTestExecutionListener@53c86fb6, org.springframework.boot.test.autoconfigure.web.servlet.WebDriverTestExecutionListener@71871286, org.springframework.boot.test.mock.mockito.ResetMocksTestExecutionListener@180e9aab]
00:15:22.728 [Test worker] DEBUG org.springframework.test.context.support.AbstractDirtiesContextTestExecutionListener - Before test class: context [DefaultTestContext@6ed6aecf testClass = GenreControllerTest, testInstance = [null], testMethod = [null], testException = [null], mergedContextConfiguration = [WebMergedContextConfiguration@6c200908 testClass = GenreControllerTest, locations = '{}', classes = '{class ru.osipov.deploy.DeployApp}', contextInitializerClasses = '[]', activeProfiles = '{}', propertySourceLocations = '{}', propertySourceProperties = '{org.springframework.boot.test.autoconfigure.web.servlet.WebMvcTestContextBootstrapper=true}', contextCustomizers = set[org.springframework.boot.test.autoconfigure.OverrideAutoConfigurationContextCustomizerFactory$DisableAutoConfigurationContextCustomizer@59a2681c, org.springframework.boot.test.autoconfigure.filter.TypeExcludeFiltersContextCustomizer@4abfc90a, org.springframework.boot.test.autoconfigure.properties.PropertyMappingContextCustomizer@dbfb1853, org.springframework.boot.test.autoconfigure.web.servlet.WebDriverContextCustomizerFactory$Customizer@6aecc808, [ImportsContextCustomizer@6d8caf6b key = [org.springframework.boot.autoconfigure.cache.CacheAutoConfiguration, org.springframework.boot.autoconfigure.context.MessageSourceAutoConfiguration, org.springframework.boot.autoconfigure.data.web.SpringDataWebAutoConfiguration, org.springframework.boot.autoconfigure.freemarker.FreeMarkerAutoConfiguration, org.springframework.boot.autoconfigure.groovy.template.GroovyTemplateAutoConfiguration, org.springframework.boot.autoconfigure.gson.GsonAutoConfiguration, org.springframework.boot.autoconfigure.hateoas.HypermediaAutoConfiguration, org.springframework.boot.autoconfigure.http.HttpMessageConvertersAutoConfiguration, org.springframework.boot.autoconfigure.jackson.JacksonAutoConfiguration, org.springframework.boot.autoconfigure.jsonb.JsonbAutoConfiguration, org.springframework.boot.autoconfigure.mustache.MustacheAutoConfiguration, org.springframework.boot.autoconfigure.task.TaskExecutionAutoConfiguration, org.springframework.boot.autoconfigure.thymeleaf.ThymeleafAutoConfiguration, org.springframework.boot.autoconfigure.validation.ValidationAutoConfiguration, org.springframework.boot.autoconfigure.web.servlet.error.ErrorMvcAutoConfiguration, org.springframework.boot.autoconfigure.web.servlet.WebMvcAutoConfiguration, org.springframework.boot.test.autoconfigure.web.servlet.MockMvcAutoConfiguration, org.springframework.boot.test.autoconfigure.web.servlet.MockMvcSecurityAutoConfiguration, org.springframework.boot.test.autoconfigure.web.servlet.MockMvcWebClientAutoConfiguration, org.springframework.boot.test.autoconfigure.web.servlet.MockMvcWebDriverAutoConfiguration]], org.springframework.boot.test.context.filter.ExcludeFilterContextCustomizer@7db7a48, org.springframework.boot.test.json.DuplicateJsonObjectContextCustomizerFactory$DuplicateJsonObjectContextCustomizer@11d2adc5, org.springframework.boot.test.mock.mockito.MockitoContextCustomizer@6884542f], resourceBasePath = 'src/main/webapp', contextLoader = 'org.springframework.boot.test.context.SpringBootContextLoader', parent = [null]], attributes = map[[empty]]], class annotated with @DirtiesContext [false] with mode [null].
00:15:23.175 [Test worker] DEBUG org.springframework.test.context.support.TestPropertySourceUtils - Adding inlined properties to environment: {spring.jmx.enabled=false, org.springframework.boot.test.autoconfigure.web.servlet.WebMvcTestContextBootstrapper=true, server.port=-1}
2019-11-11 00:15:25.347  INFO 9200 --- [    Test worker] trationDelegate$BeanPostProcessorChecker : Bean 'org.springframework.cloud.autoconfigure.ConfigurationPropertiesRebinderAutoConfiguration' of type [org.springframework.cloud.autoconfigure.ConfigurationPropertiesRebinderAutoConfiguration$$EnhancerBySpringCGLIB$$6ac6a392] is not eligible for getting processed by all BeanPostProcessors (for example: not eligible for auto-proxying)

  .   ____          _            __ _ _
 /\\ / ___'_ __ _ _(_)_ __  __ _ \ \ \ \
( ( )\___ | '_ | '_| | '_ \/ _` | \ \ \ \
 \\/  ___)| |_)| | | | | || (_| |  ) ) ) )
  '  |____| .__|_| |_|_| |_\__, | / / / /
 =========|_|==============|___/=/_/_/_/
 :: Spring Boot ::        (v2.1.7.RELEASE)

2019-11-11 00:15:26.058  INFO 9200 --- [    Test worker] r.osipov.deploy.web.GenreControllerTest  : The following profiles are active: local
2019-11-11 00:15:29.108  WARN 9200 --- [    Test worker] org.thymeleaf.templatemode.TemplateMode  : [THYMELEAF][Test worker] Template Mode 'HTML5' is deprecated. Using Template Mode 'HTML' instead.
2019-11-11 00:15:29.740  WARN 9200 --- [    Test worker] ion$DefaultTemplateResolverConfiguration : Cannot find template location: classpath:/GenreApp/templates/ (please add some templates or check your Thymeleaf configuration)
2019-11-11 00:15:29.802  INFO 9200 --- [    Test worker] o.s.b.t.m.w.SpringBootMockServletContext : Initializing Spring TestDispatcherServlet ''
2019-11-11 00:15:29.802  INFO 9200 --- [    Test worker] o.s.t.web.servlet.TestDispatcherServlet  : Initializing Servlet ''
2019-11-11 00:15:29.833  INFO 9200 --- [    Test worker] o.s.t.web.servlet.TestDispatcherServlet  : Completed initialization in 31 ms
2019-11-11 00:15:29.912  INFO 9200 --- [    Test worker] r.osipov.deploy.web.GenreControllerTest  : Started GenreControllerTest in 6.706 seconds (JVM running for 10.17)
2019-11-11 00:15:29.927  INFO 9200 --- [    Test worker] r.osipov.deploy.web.GenreControllerTest  : testAll
2019-11-11 00:15:30.052  INFO 9200 --- [    Test worker] ru.osipov.deploy.web.GenreController     : /v1/genres
2019-11-11 00:15:30.052  INFO 9200 --- [    Test worker] ru.osipov.deploy.web.GenreController     : Name was not specified. Get all.
2019-11-11 00:15:30.068  INFO 9200 --- [    Test worker] ru.osipov.deploy.web.GenreController     : Count: 3
]]></system-out>
  <system-err><![CDATA[]]></system-err>
</testsuite>
